<?xml version="1.0" encoding="UTF-8"?>
<testng-results skipped="0" failed="0" ignored="0" total="1" passed="1">
  <reporter-output>
  </reporter-output>
  <suite name="Suite" duration-ms="19862" started-at="2018-06-25T12:39:04Z" finished-at="2018-06-25T12:39:23Z">
    <groups>
    </groups>
    <test name="Test" duration-ms="19862" started-at="2018-06-25T12:39:04Z" finished-at="2018-06-25T12:39:23Z">
      <class name="leaf.leads.CreateLead">
        <test-method status="PASS" signature="beforeSuite()[pri:0, instance:leaf.leads.CreateLead@6500df86]" name="beforeSuite" is-config="true" duration-ms="350" started-at="2018-06-25T12:39:03Z" finished-at="2018-06-25T12:39:04Z">
          <reporter-output>
          </reporter-output>
        </test-method> <!-- beforeSuite -->
        <test-method status="PASS" signature="beforeTest()[pri:0, instance:leaf.leads.CreateLead@6500df86]" name="beforeTest" is-config="true" duration-ms="1" started-at="2018-06-25T12:39:04Z" finished-at="2018-06-25T12:39:04Z">
          <reporter-output>
          </reporter-output>
        </test-method> <!-- beforeTest -->
        <test-method status="PASS" signature="beforeClass()[pri:0, instance:leaf.leads.CreateLead@6500df86]" name="beforeClass" is-config="true" duration-ms="2" started-at="2018-06-25T12:39:04Z" finished-at="2018-06-25T12:39:04Z">
          <reporter-output>
          </reporter-output>
        </test-method> <!-- beforeClass -->
        <test-method status="PASS" signature="beforeMethod(java.lang.String, java.lang.String)[pri:0, instance:leaf.leads.CreateLead@6500df86]" name="beforeMethod" is-config="true" duration-ms="9663" started-at="2018-06-25T12:39:04Z" finished-at="2018-06-25T12:39:13Z">
          <params>
            <param index="0">
              <value>
                <![CDATA[http://13.232.48.225/opentaps]]>
              </value>
            </param>
            <param index="1">
              <value>
                <![CDATA[DemoCSR]]>
              </value>
            </param>
          </params>
          <reporter-output>
          </reporter-output>
        </test-method> <!-- beforeMethod -->
        <test-method status="PASS" signature="createLead(java.lang.String, java.lang.String, java.lang.String, java.lang.String, java.lang.String)[pri:0, instance:leaf.leads.CreateLead@6500df86]" name="createLead" duration-ms="8113" started-at="2018-06-25T12:39:13Z" data-provider="TST" finished-at="2018-06-25T12:39:21Z">
          <params>
            <param index="0">
              <value>
                <![CDATA[TCS]]>
              </value>
            </param>
            <param index="1">
              <value>
                <![CDATA[govarathan]]>
              </value>
            </param>
            <param index="2">
              <value>
                <![CDATA[s]]>
              </value>
            </param>
            <param index="3">
              <value>
                <![CDATA[govarathan@TCS.com]]>
              </value>
            </param>
            <param index="4">
              <value>
                <![CDATA[9009000122]]>
              </value>
            </param>
          </params>
          <reporter-output>
          </reporter-output>
        </test-method> <!-- createLead -->
        <test-method status="PASS" signature="afterMethod()[pri:0, instance:leaf.leads.CreateLead@6500df86]" name="afterMethod" is-config="true" duration-ms="2060" started-at="2018-06-25T12:39:21Z" finished-at="2018-06-25T12:39:23Z">
          <reporter-output>
          </reporter-output>
        </test-method> <!-- afterMethod -->
        <test-method status="PASS" signature="afterClass()[pri:0, instance:leaf.leads.CreateLead@6500df86]" name="afterClass" is-config="true" duration-ms="1" started-at="2018-06-25T12:39:23Z" finished-at="2018-06-25T12:39:23Z">
          <reporter-output>
          </reporter-output>
        </test-method> <!-- afterClass -->
        <test-method status="PASS" signature="afterTest()[pri:0, instance:leaf.leads.CreateLead@6500df86]" name="afterTest" is-config="true" duration-ms="0" started-at="2018-06-25T12:39:23Z" finished-at="2018-06-25T12:39:23Z">
          <reporter-output>
          </reporter-output>
        </test-method> <!-- afterTest -->
        <test-method status="PASS" signature="afterSuite()[pri:0, instance:leaf.leads.CreateLead@6500df86]" name="afterSuite" is-config="true" duration-ms="450" started-at="2018-06-25T12:39:23Z" finished-at="2018-06-25T12:39:24Z">
          <reporter-output>
          </reporter-output>
        </test-method> <!-- afterSuite -->
      </class> <!-- leaf.leads.CreateLead -->
    </test> <!-- Test -->
  </suite> <!-- Suite -->
</testng-results>
